Thursday July 14 2011 05:31 PM:===========================================================
Thursday July 14 2011 05:31 PM:Get Reg Settings 1
Thursday July 14 2011 05:31 PM:Debugging
Thursday July 14 2011 05:31 PM:Export Folder:(C:\Projects\2007\Splash\WebService\)
Thursday July 14 2011 05:31 PM:Get Reg Settings 3
Thursday July 14 2011 05:31 PM:Interval = 60000
Thursday July 14 2011 05:31 PM:Computer Profile=0
Thursday July 14 2011 05:31 PM:Got Reg Settings
Thursday July 14 2011 05:31 PM:Got SMTP Reg Settings
Thursday July 14 2011 05:31 PM:Connection Succeeds
Thursday July 14 2011 05:31 PM:LogSQL=True
Thursday July 14 2011 05:31 PM:LogAll=True
Thursday July 14 2011 05:31 PM:Starting Process
Thursday July 14 2011 05:31 PM:Start Process
Thursday July 14 2011 05:31 PM:--1
Thursday July 14 2011 05:31 PM:--2
Thursday July 14 2011 05:31 PM:--3
Thursday July 14 2011 05:31 PM:--3a
Thursday July 14 2011 05:31 PM:--3c
Thursday July 14 2011 05:31 PM:--3d
Thursday July 14 2011 05:31 PM:--3b
Thursday July 14 2011 05:31 PM:--3e
Thursday July 14 2011 05:31 PM:--4
Thursday July 14 2011 05:31 PM:--5
Thursday July 14 2011 05:31 PM:--6
Thursday July 14 2011 05:31 PM:--7
Thursday July 14 2011 05:31 PM:--7a
Thursday July 14 2011 05:31 PM:--7b
Thursday July 14 2011 05:31 PM:--7c
Thursday July 14 2011 05:31 PM:--7d
Thursday July 14 2011 05:31 PM:--8
Thursday July 14 2011 05:31 PM:--9
Thursday July 14 2011 05:31 PM:Error order: ORD0000854
Thursday July 14 2011 05:31 PM:Timer IS Enabled
Thursday July 14 2011 05:31 PM:Process Completed
Thursday July 14 2011 05:32 PM:Timer NOT Enabled
Thursday July 14 2011 05:32 PM:===========================================================
Thursday July 14 2011 05:32 PM:Get Reg Settings 1
Thursday July 14 2011 05:32 PM:Debugging
Thursday July 14 2011 05:32 PM:Export Folder:(C:\Projects\2007\Splash\WebService\)
Thursday July 14 2011 05:32 PM:Get Reg Settings 3
Thursday July 14 2011 05:32 PM:Interval = 60000
Thursday July 14 2011 05:32 PM:Computer Profile=0
Thursday July 14 2011 05:32 PM:Got Reg Settings
Thursday July 14 2011 05:32 PM:Got SMTP Reg Settings
Thursday July 14 2011 05:32 PM:Connection Succeeds
Thursday July 14 2011 05:32 PM:LogSQL=True
Thursday July 14 2011 05:32 PM:LogAll=True
Thursday July 14 2011 05:32 PM:Starting Process
Thursday July 14 2011 05:32 PM:Start Process
Thursday July 14 2011 05:32 PM:--1
Thursday July 14 2011 05:32 PM:--2
Thursday July 14 2011 05:32 PM:--3
Thursday July 14 2011 05:32 PM:--3a
Thursday July 14 2011 05:32 PM:--3c
Thursday July 14 2011 05:32 PM:--3d
Thursday July 14 2011 05:32 PM:--3b
Thursday July 14 2011 05:32 PM:--3e
Thursday July 14 2011 05:32 PM:--4
Thursday July 14 2011 05:32 PM:--5
Thursday July 14 2011 05:32 PM:--6
Thursday July 14 2011 05:32 PM:--7
Thursday July 14 2011 05:32 PM:--7a
Thursday July 14 2011 05:32 PM:--7b
Thursday July 14 2011 05:32 PM:--7c
Thursday July 14 2011 05:32 PM:--7d
Thursday July 14 2011 05:32 PM:--8
Thursday July 14 2011 05:32 PM:--9
Thursday July 14 2011 05:32 PM:Error order: ORD0000854
Thursday July 14 2011 05:32 PM:Timer IS Enabled
Thursday July 14 2011 05:32 PM:Process Completed
Thursday July 14 2011 05:34 PM:===========================================================
Thursday July 14 2011 05:34 PM:Get Reg Settings 1
Thursday July 14 2011 05:34 PM:Debugging
Thursday July 14 2011 05:34 PM:Export Folder:(C:\Projects\2007\Splash\WebService\)
Thursday July 14 2011 05:34 PM:Get Reg Settings 3
Thursday July 14 2011 05:34 PM:Interval = 60000
Thursday July 14 2011 05:34 PM:Computer Profile=0
Thursday July 14 2011 05:34 PM:Got Reg Settings
Thursday July 14 2011 05:34 PM:Got SMTP Reg Settings
Thursday July 14 2011 05:34 PM:Connection Succeeds
Thursday July 14 2011 05:34 PM:LogSQL=True
Thursday July 14 2011 05:34 PM:LogAll=True
Thursday July 14 2011 05:34 PM:Starting Process
Thursday July 14 2011 05:34 PM:Start Process
Thursday July 14 2011 05:34 PM:--1
Thursday July 14 2011 05:34 PM:--2
Thursday July 14 2011 05:34 PM:--3
Thursday July 14 2011 05:34 PM:--3a
Thursday July 14 2011 05:34 PM:--3c
Thursday July 14 2011 05:34 PM:--3d
Thursday July 14 2011 05:34 PM:--3b
Thursday July 14 2011 05:34 PM:--3e
Thursday July 14 2011 05:34 PM:--4
Thursday July 14 2011 05:34 PM:--5
Thursday July 14 2011 05:34 PM:--6
Thursday July 14 2011 05:34 PM:--7
Thursday July 14 2011 05:34 PM:--7a
Thursday July 14 2011 05:34 PM:--7b
Thursday July 14 2011 05:34 PM:--7c
Thursday July 14 2011 05:34 PM:--7d
Thursday July 14 2011 05:34 PM:--8
Thursday July 14 2011 05:34 PM:--9
Thursday July 14 2011 05:34 PM:Error order: ORD0000854
Thursday July 14 2011 05:34 PM:Timer IS Enabled
Thursday July 14 2011 05:34 PM:Process Completed
