Friday July 15 2011 09:50 AM:===========================================================
Friday July 15 2011 09:50 AM:Get Reg Settings 1
Friday July 15 2011 09:50 AM:Debugging
Friday July 15 2011 09:50 AM:Export Folder:(C:\Projects\2007\Splash\WebService\)
Friday July 15 2011 09:50 AM:Get Reg Settings 3
Friday July 15 2011 09:50 AM:Interval = 60000
Friday July 15 2011 09:50 AM:Computer Profile=0
Friday July 15 2011 09:50 AM:Got Reg Settings
Friday July 15 2011 09:50 AM:Got SMTP Reg Settings
Friday July 15 2011 09:50 AM:Connection Succeeds
Friday July 15 2011 09:50 AM:LogSQL=True
Friday July 15 2011 09:50 AM:LogAll=True
Friday July 15 2011 09:50 AM:Starting Process
Friday July 15 2011 09:50 AM:Start Process
Friday July 15 2011 09:50 AM:********* Setting orders 854 855 as not integreated !!!!!!!!!
Friday July 15 2011 09:50 AM:--1
Friday July 15 2011 09:50 AM:--2
Friday July 15 2011 09:50 AM:--3
Friday July 15 2011 09:50 AM:--3a
Friday July 15 2011 09:50 AM:--3c
Friday July 15 2011 09:50 AM:--3d
Friday July 15 2011 09:50 AM:--3b
Friday July 15 2011 09:50 AM:--3e
Friday July 15 2011 09:50 AM:--4
Friday July 15 2011 09:50 AM:--5
Friday July 15 2011 09:50 AM:--6
Friday July 15 2011 09:50 AM:--7
Friday July 15 2011 09:50 AM:--7a
Friday July 15 2011 09:50 AM:--7b
Friday July 15 2011 09:50 AM:--7c
Friday July 15 2011 09:50 AM:--7d
Friday July 15 2011 09:50 AM:--8
Friday July 15 2011 09:50 AM:--9
Friday July 15 2011 09:50 AM:EXO: INSERT INTO SALESORD_HDR (ACCNO, ORDERDATE, DUEDATE, CUSTORDERNO,REFERENCE,SUBTOTAL,TAXTOTAL, X_WEBORD_ID ,ADDRESS1, ADDRESS2, ADDRESS3, ADDRESS4, ADDRESS5, ADDRESS6, SALESNO, NARRATIVE_SEQNO, ONHOLD) VALUES(51,'07/14/2011','07/14/2011','','',56.99,8.55,'ORD0000854','Stephanie Nicholson','85 Carlyle Street','','Napier','NZ','4110',1,-1,'N')
Friday July 15 2011 09:50 AM:--9b
Friday July 15 2011 09:50 AM:--9c
Friday July 15 2011 09:50 AM:EXO: INSERT INTO SALESORD_LINES(HDR_SEQNO,ACCNO,STOCKCODE,DESCRIPTION,ORD_QUANT,UNITPRICE,TAXRATE,TAXRATE_NO,LINKED_STOCKCODE,LINKED_QTY,LINKEDSTATUS) VALUES(10470,51,'130450','Cray Snare - Standard',1,49.99, 15.00,1,'130450',1,'S')
Friday July 15 2011 09:50 AM:EXO: INSERT INTO SALESORD_LINES(HDR_SEQNO,ACCNO,STOCKCODE,DESCRIPTION,ORD_QUANT,UNITPRICE,TAXRATE,TAXRATE_NO,LINKED_STOCKCODE,LINKED_QTY,LINKEDSTATUS) VALUES(10470,51,'FR','Freight',1.0,7, 15.00,1,'FR',1,'L')
Friday July 15 2011 09:50 AM:--1
Friday July 15 2011 09:50 AM:--2
Friday July 15 2011 09:50 AM:--3
Friday July 15 2011 09:50 AM:--3a
Friday July 15 2011 09:50 AM:--3c
Friday July 15 2011 09:50 AM:--3d
Friday July 15 2011 09:50 AM:--3b
Friday July 15 2011 09:50 AM:--3e
Friday July 15 2011 09:50 AM:--3
Friday July 15 2011 09:50 AM:--3a
Friday July 15 2011 09:50 AM:--3c
Friday July 15 2011 09:50 AM:--3d
Friday July 15 2011 09:50 AM:--3b
Friday July 15 2011 09:50 AM:--3e
Friday July 15 2011 09:50 AM:--3
Friday July 15 2011 09:50 AM:--3a
Friday July 15 2011 09:50 AM:--3c
Friday July 15 2011 09:50 AM:--3d
Friday July 15 2011 09:50 AM:--3b
Friday July 15 2011 09:50 AM:--3e
Friday July 15 2011 09:50 AM:--3
Friday July 15 2011 09:50 AM:--3a
Friday July 15 2011 09:50 AM:--3c
Friday July 15 2011 09:50 AM:--3d
Friday July 15 2011 09:50 AM:--3b
Friday July 15 2011 09:50 AM:--3e
Friday July 15 2011 09:50 AM:--3
Friday July 15 2011 09:50 AM:--3a
Friday July 15 2011 09:50 AM:--3c
Friday July 15 2011 09:50 AM:--3d
Friday July 15 2011 09:50 AM:--3b
Friday July 15 2011 09:50 AM:--3e
Friday July 15 2011 09:50 AM:--3
Friday July 15 2011 09:50 AM:--3a
Friday July 15 2011 09:50 AM:--3c
Friday July 15 2011 09:50 AM:--3d
Friday July 15 2011 09:50 AM:--3b
Friday July 15 2011 09:50 AM:--3e
Friday July 15 2011 09:50 AM:--3
Friday July 15 2011 09:50 AM:--3a
Friday July 15 2011 09:50 AM:--3c
Friday July 15 2011 09:50 AM:--3d
Friday July 15 2011 09:50 AM:--3b
Friday July 15 2011 09:50 AM:--3e
Friday July 15 2011 09:50 AM:--3
Friday July 15 2011 09:50 AM:--3a
Friday July 15 2011 09:50 AM:--3c
Friday July 15 2011 09:50 AM:--3d
Friday July 15 2011 09:50 AM:--3b
Friday July 15 2011 09:50 AM:--3e
Friday July 15 2011 09:50 AM:--3
Friday July 15 2011 09:50 AM:--3a
Friday July 15 2011 09:50 AM:--3c
Friday July 15 2011 09:50 AM:--3d
Friday July 15 2011 09:50 AM:--3b
Friday July 15 2011 09:50 AM:--3e
Friday July 15 2011 09:50 AM:--3
Friday July 15 2011 09:50 AM:--3a
Friday July 15 2011 09:50 AM:--3c
Friday July 15 2011 09:50 AM:--3d
Friday July 15 2011 09:50 AM:--3b
Friday July 15 2011 09:50 AM:--3e
Friday July 15 2011 09:50 AM:--4
Friday July 15 2011 09:50 AM:--5
Friday July 15 2011 09:50 AM:--6
Friday July 15 2011 09:50 AM:--7
Friday July 15 2011 09:50 AM:--7a
Friday July 15 2011 09:50 AM:--7b
Friday July 15 2011 09:50 AM:--7c
Friday July 15 2011 09:50 AM:--7d
Friday July 15 2011 09:50 AM:--8
Friday July 15 2011 09:50 AM:--9
Friday July 15 2011 09:50 AM:EXO: INSERT INTO SALESORD_HDR (ACCNO, ORDERDATE, DUEDATE, CUSTORDERNO,REFERENCE,SUBTOTAL,TAXTOTAL, X_WEBORD_ID ,ADDRESS1, ADDRESS2, ADDRESS3, ADDRESS4, ADDRESS5, ADDRESS6, SALESNO, NARRATIVE_SEQNO, ONHOLD) VALUES(51,'07/14/2011','07/14/2011','','',228.76,34.31,'ORD0000855','Paul Weakley','3 Hilton Way','Johnsonville','Wellington','NZ','6037',1,-1,'N')
Friday July 15 2011 09:50 AM:--9b
Friday July 15 2011 09:50 AM:--9c
Friday July 15 2011 09:50 AM:EXO: INSERT INTO SALESORD_LINES(HDR_SEQNO,ACCNO,STOCKCODE,DESCRIPTION,ORD_QUANT,UNITPRICE,TAXRATE,TAXRATE_NO,LINKED_STOCKCODE,LINKED_QTY,LINKEDSTATUS) VALUES(10471,51,'130202','DIVE SLATES',1,6.99, 15.00,1,'130202',1,'S')
Friday July 15 2011 09:50 AM:--9c
Friday July 15 2011 09:50 AM:EXO: INSERT INTO SALESORD_LINES(HDR_SEQNO,ACCNO,STOCKCODE,DESCRIPTION,ORD_QUANT,UNITPRICE,TAXRATE,TAXRATE_NO,LINKED_STOCKCODE,LINKED_QTY,LINKEDSTATUS) VALUES(10471,51,'910635','SNAP BOLT DOUBLE',2,8.99, 15.00,1,'910635',1,'S')
Friday July 15 2011 09:50 AM:--9c
Friday July 15 2011 09:50 AM:EXO: INSERT INTO SALESORD_LINES(HDR_SEQNO,ACCNO,STOCKCODE,DESCRIPTION,ORD_QUANT,UNITPRICE,TAXRATE,TAXRATE_NO,LINKED_STOCKCODE,LINKED_QTY,LINKEDSTATUS) VALUES(10471,51,'130199','AIR GUNS',1,19.99, 15.00,1,'130199',1,'S')
Friday July 15 2011 09:50 AM:--9c
Friday July 15 2011 09:50 AM:EXO: INSERT INTO SALESORD_LINES(HDR_SEQNO,ACCNO,STOCKCODE,DESCRIPTION,ORD_QUANT,UNITPRICE,TAXRATE,TAXRATE_NO,LINKED_STOCKCODE,LINKED_QTY,LINKEDSTATUS) VALUES(10471,51,'130269','ERGO HOSE HOLDER',6,2.99, 15.00,1,'130269',1,'S')
Friday July 15 2011 09:50 AM:--9c
Friday July 15 2011 09:50 AM:EXO: INSERT INTO SALESORD_LINES(HDR_SEQNO,ACCNO,STOCKCODE,DESCRIPTION,ORD_QUANT,UNITPRICE,TAXRATE,TAXRATE_NO,LINKED_STOCKCODE,LINKED_QTY,LINKEDSTATUS) VALUES(10471,51,'910631','',6,2.99, 15.00,1,'910631',1,'S')
Friday July 15 2011 09:50 AM:--9c
Friday July 15 2011 09:50 AM:EXO: INSERT INTO SALESORD_LINES(HDR_SEQNO,ACCNO,STOCKCODE,DESCRIPTION,ORD_QUANT,UNITPRICE,TAXRATE,TAXRATE_NO,LINKED_STOCKCODE,LINKED_QTY,LINKEDSTATUS) VALUES(10471,51,'130383','Atlantis Spring Straps - Medium',1,39.99, 15.00,1,'130383',1,'S')
Friday July 15 2011 09:50 AM:--9c
Friday July 15 2011 09:50 AM:EXO: INSERT INTO SALESORD_LINES(HDR_SEQNO,ACCNO,STOCKCODE,DESCRIPTION,ORD_QUANT,UNITPRICE,TAXRATE,TAXRATE_NO,LINKED_STOCKCODE,LINKED_QTY,LINKEDSTATUS) VALUES(10471,51,'130206','DIVE RITE NOTE BOOK',1,19.99, 15.00,1,'130206',1,'S')
Friday July 15 2011 09:50 AM:--9c
Friday July 15 2011 09:50 AM:EXO: INSERT INTO SALESORD_LINES(HDR_SEQNO,ACCNO,STOCKCODE,DESCRIPTION,ORD_QUANT,UNITPRICE,TAXRATE,TAXRATE_NO,LINKED_STOCKCODE,LINKED_QTY,LINKEDSTATUS) VALUES(10471,51,'130189','ATLANTIS TANK RATTLE',1,19.99, 15.00,1,'130189',1,'S')
Friday July 15 2011 09:50 AM:--9c
Friday July 15 2011 09:50 AM:EXO: INSERT INTO SALESORD_LINES(HDR_SEQNO,ACCNO,STOCKCODE,DESCRIPTION,ORD_QUANT,UNITPRICE,TAXRATE,TAXRATE_NO,LINKED_STOCKCODE,LINKED_QTY,LINKEDSTATUS) VALUES(10471,51,'910641','Snap Bolt with swivel - medium (90mm)',4,7.99, 15.00,1,'910641',1,'S')
Friday July 15 2011 09:50 AM:--9c
Friday July 15 2011 09:50 AM:EXO: INSERT INTO SALESORD_LINES(HDR_SEQNO,ACCNO,STOCKCODE,DESCRIPTION,ORD_QUANT,UNITPRICE,TAXRATE,TAXRATE_NO,LINKED_STOCKCODE,LINKED_QTY,LINKEDSTATUS) VALUES(10471,51,'20490','PONY BOTTLE GAUGE',1,19.99, 15.00,1,'20490',1,'S')
Friday July 15 2011 09:50 AM:EXO: INSERT INTO SALESORD_LINES(HDR_SEQNO,ACCNO,STOCKCODE,DESCRIPTION,ORD_QUANT,UNITPRICE,TAXRATE,TAXRATE_NO,LINKED_STOCKCODE,LINKED_QTY,LINKEDSTATUS) VALUES(10471,51,'FR','Freight',1.0,16, 15.00,1,'FR',1,'L')
Friday July 15 2011 09:50 AM:Timer IS Enabled
Friday July 15 2011 09:50 AM:Process Completed
Friday July 15 2011 09:54 AM:===========================================================
Friday July 15 2011 09:54 AM:Get Reg Settings 1
Friday July 15 2011 09:54 AM:Debugging
Friday July 15 2011 09:54 AM:Export Folder:(C:\Projects\2007\Splash\WebService\)
Friday July 15 2011 09:54 AM:Get Reg Settings 3
Friday July 15 2011 09:54 AM:Interval = 60000
Friday July 15 2011 09:54 AM:Computer Profile=0
Friday July 15 2011 09:54 AM:Got Reg Settings
Friday July 15 2011 09:54 AM:Got SMTP Reg Settings
Friday July 15 2011 09:54 AM:Connection Succeeds
Friday July 15 2011 09:54 AM:LogSQL=True
Friday July 15 2011 09:54 AM:LogAll=True
Friday July 15 2011 09:54 AM:Starting Process
Friday July 15 2011 09:54 AM:Start Process
Friday July 15 2011 09:54 AM:********* Setting orders 854 855 as not integreated !!!!!!!!!
Friday July 15 2011 09:54 AM:--1
Friday July 15 2011 09:54 AM:--2
Friday July 15 2011 09:54 AM:--3
Friday July 15 2011 09:54 AM:--3a
Friday July 15 2011 09:54 AM:--3c
Friday July 15 2011 09:54 AM:--3d
Friday July 15 2011 09:54 AM:--3b
Friday July 15 2011 09:54 AM:--3e
Friday July 15 2011 09:54 AM:--4
Friday July 15 2011 09:54 AM:--5
Friday July 15 2011 09:54 AM:--6
Friday July 15 2011 09:54 AM:--7
Friday July 15 2011 09:54 AM:--7a
Friday July 15 2011 09:54 AM:--7b
Friday July 15 2011 09:54 AM:--7c
Friday July 15 2011 09:54 AM:--7d
Friday July 15 2011 09:54 AM:--8
Friday July 15 2011 09:54 AM:--9
Friday July 15 2011 09:54 AM:EXO: INSERT INTO SALESORD_HDR (ACCNO, ORDERDATE, DUEDATE, CUSTORDERNO,REFERENCE,SUBTOTAL,TAXTOTAL, X_WEBORD_ID ,ADDRESS1, ADDRESS2, ADDRESS3, ADDRESS4, ADDRESS5, ADDRESS6, SALESNO, NARRATIVE_SEQNO, ONHOLD) VALUES(51,'07/14/2011','07/14/2011','','',56.99,8.55,'ORD0000854','Stephanie Nicholson','85 Carlyle Street','','Napier','NZ','4110',1,-1,'N')
Friday July 15 2011 09:54 AM:--9b
Friday July 15 2011 09:54 AM:--9c
Friday July 15 2011 09:54 AM:EXO: INSERT INTO SALESORD_LINES(HDR_SEQNO,ACCNO,STOCKCODE,DESCRIPTION,ORD_QUANT,UNITPRICE,TAXRATE,TAXRATE_NO,LINKED_STOCKCODE,LINKED_QTY,LINKEDSTATUS) VALUES(10472,51,'130450','CRAY SNARE - STANDARD',1,49.99, 15.00,1,'130450',1,'S')
Friday July 15 2011 09:54 AM:EXO: INSERT INTO SALESORD_LINES(HDR_SEQNO,ACCNO,STOCKCODE,DESCRIPTION,ORD_QUANT,UNITPRICE,TAXRATE,TAXRATE_NO,LINKED_STOCKCODE,LINKED_QTY,LINKEDSTATUS) VALUES(10472,51,'FR','Freight',1.0,7, 15.00,1,'FR',1,'L')
Friday July 15 2011 09:54 AM:--1
Friday July 15 2011 09:54 AM:--2
Friday July 15 2011 09:54 AM:--3
Friday July 15 2011 09:54 AM:--3a
Friday July 15 2011 09:54 AM:--3c
Friday July 15 2011 09:54 AM:--3d
Friday July 15 2011 09:54 AM:--3b
Friday July 15 2011 09:54 AM:--3e
Friday July 15 2011 09:54 AM:--3
Friday July 15 2011 09:54 AM:--3a
Friday July 15 2011 09:54 AM:--3c
Friday July 15 2011 09:54 AM:--3d
Friday July 15 2011 09:54 AM:--3b
Friday July 15 2011 09:54 AM:--3e
Friday July 15 2011 09:54 AM:--3
Friday July 15 2011 09:54 AM:--3a
Friday July 15 2011 09:54 AM:--3c
Friday July 15 2011 09:54 AM:--3d
Friday July 15 2011 09:54 AM:--3b
Friday July 15 2011 09:54 AM:--3e
Friday July 15 2011 09:54 AM:--3
Friday July 15 2011 09:54 AM:--3a
Friday July 15 2011 09:54 AM:--3c
Friday July 15 2011 09:54 AM:--3d
Friday July 15 2011 09:54 AM:--3b
Friday July 15 2011 09:54 AM:--3e
Friday July 15 2011 09:54 AM:--3
Friday July 15 2011 09:54 AM:--3a
Friday July 15 2011 09:54 AM:--3c
Friday July 15 2011 09:54 AM:--3d
Friday July 15 2011 09:54 AM:--3b
Friday July 15 2011 09:54 AM:--3e
Friday July 15 2011 09:54 AM:--3
Friday July 15 2011 09:54 AM:--3a
Friday July 15 2011 09:54 AM:--3c
Friday July 15 2011 09:54 AM:--3d
Friday July 15 2011 09:54 AM:--3b
Friday July 15 2011 09:54 AM:--3e
Friday July 15 2011 09:54 AM:--3
Friday July 15 2011 09:54 AM:--3a
Friday July 15 2011 09:54 AM:--3c
Friday July 15 2011 09:54 AM:--3d
Friday July 15 2011 09:54 AM:--3b
Friday July 15 2011 09:54 AM:--3e
Friday July 15 2011 09:54 AM:--3
Friday July 15 2011 09:54 AM:--3a
Friday July 15 2011 09:54 AM:--3c
Friday July 15 2011 09:54 AM:--3d
Friday July 15 2011 09:54 AM:--3b
Friday July 15 2011 09:54 AM:--3e
Friday July 15 2011 09:54 AM:--3
Friday July 15 2011 09:54 AM:--3a
Friday July 15 2011 09:54 AM:--3c
Friday July 15 2011 09:54 AM:--3d
Friday July 15 2011 09:54 AM:--3b
Friday July 15 2011 09:54 AM:--3e
Friday July 15 2011 09:54 AM:--3
Friday July 15 2011 09:54 AM:--3a
Friday July 15 2011 09:54 AM:--3c
Friday July 15 2011 09:54 AM:--3d
Friday July 15 2011 09:54 AM:--3b
Friday July 15 2011 09:54 AM:--3e
Friday July 15 2011 09:54 AM:--4
Friday July 15 2011 09:54 AM:--5
Friday July 15 2011 09:54 AM:--6
Friday July 15 2011 09:54 AM:--7
Friday July 15 2011 09:54 AM:--7a
Friday July 15 2011 09:54 AM:--7b
Friday July 15 2011 09:54 AM:--7c
Friday July 15 2011 09:54 AM:--7d
Friday July 15 2011 09:54 AM:--8
Friday July 15 2011 09:54 AM:--9
Friday July 15 2011 09:54 AM:EXO: INSERT INTO SALESORD_HDR (ACCNO, ORDERDATE, DUEDATE, CUSTORDERNO,REFERENCE,SUBTOTAL,TAXTOTAL, X_WEBORD_ID ,ADDRESS1, ADDRESS2, ADDRESS3, ADDRESS4, ADDRESS5, ADDRESS6, SALESNO, NARRATIVE_SEQNO, ONHOLD) VALUES(51,'07/14/2011','07/14/2011','','',228.76,34.31,'ORD0000855','Paul Weakley','3 Hilton Way','Johnsonville','Wellington','NZ','6037',1,-1,'N')
Friday July 15 2011 09:54 AM:--9b
Friday July 15 2011 09:54 AM:--9c
Friday July 15 2011 09:54 AM:EXO: INSERT INTO SALESORD_LINES(HDR_SEQNO,ACCNO,STOCKCODE,DESCRIPTION,ORD_QUANT,UNITPRICE,TAXRATE,TAXRATE_NO,LINKED_STOCKCODE,LINKED_QTY,LINKEDSTATUS) VALUES(10473,51,'130202','DIVE SLATE - STANDARD',1,6.99, 15.00,1,'130202',1,'S')
Friday July 15 2011 09:54 AM:--9c
Friday July 15 2011 09:54 AM:EXO: INSERT INTO SALESORD_LINES(HDR_SEQNO,ACCNO,STOCKCODE,DESCRIPTION,ORD_QUANT,UNITPRICE,TAXRATE,TAXRATE_NO,LINKED_STOCKCODE,LINKED_QTY,LINKEDSTATUS) VALUES(10473,51,'910635','SNAP BOLT DOUBLE',2,8.99, 15.00,1,'910635',1,'S')
Friday July 15 2011 09:54 AM:--9c
Friday July 15 2011 09:54 AM:EXO: INSERT INTO SALESORD_LINES(HDR_SEQNO,ACCNO,STOCKCODE,DESCRIPTION,ORD_QUANT,UNITPRICE,TAXRATE,TAXRATE_NO,LINKED_STOCKCODE,LINKED_QTY,LINKEDSTATUS) VALUES(10473,51,'130199','AIR GUN',1,19.99, 15.00,1,'130199',1,'S')
Friday July 15 2011 09:54 AM:--9c
Friday July 15 2011 09:54 AM:EXO: INSERT INTO SALESORD_LINES(HDR_SEQNO,ACCNO,STOCKCODE,DESCRIPTION,ORD_QUANT,UNITPRICE,TAXRATE,TAXRATE_NO,LINKED_STOCKCODE,LINKED_QTY,LINKEDSTATUS) VALUES(10473,51,'130269','ERGO HOSE HOLDER',6,2.99, 15.00,1,'130269',1,'S')
Friday July 15 2011 09:54 AM:--9c
Friday July 15 2011 09:54 AM:EXO: INSERT INTO SALESORD_LINES(HDR_SEQNO,ACCNO,STOCKCODE,DESCRIPTION,ORD_QUANT,UNITPRICE,TAXRATE,TAXRATE_NO,LINKED_STOCKCODE,LINKED_QTY,LINKEDSTATUS) VALUES(10473,51,'910631','QUICK LINK - 50MM',6,2.99, 15.00,1,'910631',1,'S')
Friday July 15 2011 09:54 AM:--9c
Friday July 15 2011 09:54 AM:EXO: INSERT INTO SALESORD_LINES(HDR_SEQNO,ACCNO,STOCKCODE,DESCRIPTION,ORD_QUANT,UNITPRICE,TAXRATE,TAXRATE_NO,LINKED_STOCKCODE,LINKED_QTY,LINKEDSTATUS) VALUES(10473,51,'130383','ATLANTIS SPRING STRAPS - MEDIUM (PAIR)',1,39.99, 15.00,1,'130383',1,'S')
Friday July 15 2011 09:54 AM:--9c
Friday July 15 2011 09:54 AM:EXO: INSERT INTO SALESORD_LINES(HDR_SEQNO,ACCNO,STOCKCODE,DESCRIPTION,ORD_QUANT,UNITPRICE,TAXRATE,TAXRATE_NO,LINKED_STOCKCODE,LINKED_QTY,LINKEDSTATUS) VALUES(10473,51,'130206','DIVE RITE NOTE BOOK',1,19.99, 15.00,1,'130206',1,'S')
Friday July 15 2011 09:54 AM:--9c
Friday July 15 2011 09:54 AM:EXO: INSERT INTO SALESORD_LINES(HDR_SEQNO,ACCNO,STOCKCODE,DESCRIPTION,ORD_QUANT,UNITPRICE,TAXRATE,TAXRATE_NO,LINKED_STOCKCODE,LINKED_QTY,LINKEDSTATUS) VALUES(10473,51,'130189','TANK RATTLE',1,19.99, 15.00,1,'130189',1,'S')
Friday July 15 2011 09:54 AM:--9c
Friday July 15 2011 09:54 AM:EXO: INSERT INTO SALESORD_LINES(HDR_SEQNO,ACCNO,STOCKCODE,DESCRIPTION,ORD_QUANT,UNITPRICE,TAXRATE,TAXRATE_NO,LINKED_STOCKCODE,LINKED_QTY,LINKEDSTATUS) VALUES(10473,51,'910641','SNAP BOLT SWIVEL - 90MM',4,7.99, 15.00,1,'910641',1,'S')
Friday July 15 2011 09:54 AM:--9c
Friday July 15 2011 09:54 AM:EXO: INSERT INTO SALESORD_LINES(HDR_SEQNO,ACCNO,STOCKCODE,DESCRIPTION,ORD_QUANT,UNITPRICE,TAXRATE,TAXRATE_NO,LINKED_STOCKCODE,LINKED_QTY,LINKEDSTATUS) VALUES(10473,51,'20490','HP/PONY BOTTLE GAUGE',1,19.99, 15.00,1,'20490',1,'S')
Friday July 15 2011 09:54 AM:EXO: INSERT INTO SALESORD_LINES(HDR_SEQNO,ACCNO,STOCKCODE,DESCRIPTION,ORD_QUANT,UNITPRICE,TAXRATE,TAXRATE_NO,LINKED_STOCKCODE,LINKED_QTY,LINKEDSTATUS) VALUES(10473,51,'FR','Freight',1.0,16, 15.00,1,'FR',1,'L')
Friday July 15 2011 09:54 AM:Timer IS Enabled
Friday July 15 2011 09:54 AM:Process Completed
