Friday July 15 2011 08:57 AM:===========================================================
Friday July 15 2011 08:57 AM:Get Reg Settings 1
Friday July 15 2011 08:57 AM:Debugging
Friday July 15 2011 08:57 AM:Export Folder:(C:\Projects\2007\Splash\WebService\)
Friday July 15 2011 08:57 AM:Get Reg Settings 3
Friday July 15 2011 08:57 AM:Interval = 60000
Friday July 15 2011 08:57 AM:Computer Profile=0
Friday July 15 2011 08:57 AM:Got Reg Settings
Friday July 15 2011 08:57 AM:Got SMTP Reg Settings
Friday July 15 2011 08:57 AM:Connection Succeeds
Friday July 15 2011 08:57 AM:LogSQL=True
Friday July 15 2011 08:57 AM:LogAll=True
Friday July 15 2011 08:57 AM:Starting Process
Friday July 15 2011 08:57 AM:Start Process
Friday July 15 2011 08:57 AM:Timer IS Enabled
Friday July 15 2011 08:57 AM:Process Completed
Friday July 15 2011 09:14 AM:===========================================================
Friday July 15 2011 09:14 AM:Get Reg Settings 1
Friday July 15 2011 09:14 AM:Debugging
Friday July 15 2011 09:14 AM:Export Folder:(C:\Projects\2007\Splash\WebService\)
Friday July 15 2011 09:14 AM:Get Reg Settings 3
Friday July 15 2011 09:14 AM:Interval = 60000
Friday July 15 2011 09:14 AM:Computer Profile=0
Friday July 15 2011 09:14 AM:Got Reg Settings
Friday July 15 2011 09:14 AM:Got SMTP Reg Settings
Friday July 15 2011 09:14 AM:Connection Succeeds
Friday July 15 2011 09:14 AM:LogSQL=True
Friday July 15 2011 09:14 AM:LogAll=True
Friday July 15 2011 09:14 AM:Starting Process
Friday July 15 2011 09:14 AM:Start Process
Friday July 15 2011 09:14 AM:********* Setting orders 854 855 as not integreated !!!!!!!!!
Friday July 15 2011 09:14 AM:--1
Friday July 15 2011 09:14 AM:--2
Friday July 15 2011 09:14 AM:--3
Friday July 15 2011 09:14 AM:--3a
Friday July 15 2011 09:14 AM:--3c
Friday July 15 2011 09:14 AM:--3d
Friday July 15 2011 09:14 AM:--3b
Friday July 15 2011 09:14 AM:--3e
Friday July 15 2011 09:14 AM:--4
Friday July 15 2011 09:14 AM:--5
Friday July 15 2011 09:14 AM:--6
Friday July 15 2011 09:14 AM:--7
Friday July 15 2011 09:14 AM:--7a
Friday July 15 2011 09:14 AM:--7b
Friday July 15 2011 09:14 AM:--7c
Friday July 15 2011 09:14 AM:--7d
Friday July 15 2011 09:14 AM:--8
Friday July 15 2011 09:14 AM:--9
Friday July 15 2011 09:14 AM:--9A 10
Friday July 15 2011 09:14 AM:--9a1
Friday July 15 2011 09:14 AM:INSERT INTO SALESORD_HDR (ACCNO, ORDERDATE, DUEDATE, CUSTORDERNO,REFERENCE,SUBTOTAL,TAXTOTAL, X_WEBORD_ID ,ADDRESS1, ADDRESS2, ADDRESS3, ADDRESS4, ADDRESS5, ADDRESS6, SALESNO, NARRATIVE_SEQNO, ONHOLD) VALUES(0,'07/14/2011','07/14/2011','','',49.99,8.55,'ORD0000854','Stephanie Nicholson','85 Carlyle Street','','Napier','NZ','4110',1,-1,'N')
Friday July 15 2011 09:14 AM:--9a2
Friday July 15 2011 09:14 AM:--9b
Friday July 15 2011 09:14 AM:--9c
Friday July 15 2011 09:14 AM:INSERT INTO SALESORD_LINES(HDR_SEQNO,ACCNO,STOCKCODE,DESCRIPTION,ORD_QUANT,UNITPRICE,TAXRATE,TAXRATE_NO,LINKED_STOCKCODE,LINKED_QTY,LINKEDSTATUS) VALUES(0,0,'130450','',1,49.99, 15.00,1,'130450',1,'S')
Friday July 15 2011 09:14 AM:--9d
Friday July 15 2011 09:14 AM:INSERT INTO SALESORD_LINES(HDR_SEQNO,ACCNO,STOCKCODE,DESCRIPTION,ORD_QUANT,UNITPRICE,TAXRATE,TAXRATE_NO,LINKED_STOCKCODE,LINKED_QTY,LINKEDSTATUS) VALUES(0,0,'FR','Freight',1.0,7, 15.00,1,'FR',1,'L')
Friday July 15 2011 09:14 AM:--1
Friday July 15 2011 09:14 AM:--2
Friday July 15 2011 09:14 AM:--3
Friday July 15 2011 09:14 AM:--3a
Friday July 15 2011 09:14 AM:--3c
Friday July 15 2011 09:14 AM:--3d
Friday July 15 2011 09:14 AM:--3b
Friday July 15 2011 09:14 AM:--3e
Friday July 15 2011 09:14 AM:--3
Friday July 15 2011 09:14 AM:--3a
Friday July 15 2011 09:14 AM:--3c
Friday July 15 2011 09:14 AM:--3d
Friday July 15 2011 09:14 AM:--3b
Friday July 15 2011 09:14 AM:--3e
Friday July 15 2011 09:14 AM:--3
Friday July 15 2011 09:14 AM:--3a
Friday July 15 2011 09:14 AM:--3c
Friday July 15 2011 09:14 AM:--3d
Friday July 15 2011 09:14 AM:--3b
Friday July 15 2011 09:14 AM:--3e
Friday July 15 2011 09:14 AM:--3
Friday July 15 2011 09:14 AM:--3a
Friday July 15 2011 09:14 AM:--3c
Friday July 15 2011 09:14 AM:--3d
Friday July 15 2011 09:14 AM:--3b
Friday July 15 2011 09:14 AM:--3e
Friday July 15 2011 09:14 AM:--3
Friday July 15 2011 09:14 AM:--3a
Friday July 15 2011 09:14 AM:--3c
Friday July 15 2011 09:14 AM:--3d
Friday July 15 2011 09:14 AM:--3b
Friday July 15 2011 09:14 AM:--3e
Friday July 15 2011 09:14 AM:--3
Friday July 15 2011 09:14 AM:--3a
Friday July 15 2011 09:14 AM:--3c
Friday July 15 2011 09:14 AM:--3d
Friday July 15 2011 09:14 AM:--3b
Friday July 15 2011 09:14 AM:--3e
Friday July 15 2011 09:14 AM:--3
Friday July 15 2011 09:14 AM:--3a
Friday July 15 2011 09:14 AM:--3c
Friday July 15 2011 09:14 AM:--3d
Friday July 15 2011 09:14 AM:--3b
Friday July 15 2011 09:14 AM:--3e
Friday July 15 2011 09:14 AM:--3
Friday July 15 2011 09:14 AM:--3a
Friday July 15 2011 09:14 AM:--3c
Friday July 15 2011 09:14 AM:--3d
Friday July 15 2011 09:14 AM:--3b
Friday July 15 2011 09:14 AM:--3e
Friday July 15 2011 09:14 AM:--3
Friday July 15 2011 09:14 AM:--3a
Friday July 15 2011 09:14 AM:--3c
Friday July 15 2011 09:14 AM:--3d
Friday July 15 2011 09:14 AM:--3b
Friday July 15 2011 09:14 AM:--3e
Friday July 15 2011 09:14 AM:--3
Friday July 15 2011 09:14 AM:--3a
Friday July 15 2011 09:14 AM:--3c
Friday July 15 2011 09:14 AM:--3d
Friday July 15 2011 09:14 AM:--3b
Friday July 15 2011 09:14 AM:--3e
Friday July 15 2011 09:14 AM:--4
Friday July 15 2011 09:14 AM:--5
Friday July 15 2011 09:14 AM:--6
Friday July 15 2011 09:14 AM:--7
Friday July 15 2011 09:14 AM:--7a
Friday July 15 2011 09:14 AM:--7b
Friday July 15 2011 09:14 AM:--7c
Friday July 15 2011 09:14 AM:--7d
Friday July 15 2011 09:14 AM:--8
Friday July 15 2011 09:14 AM:--9
Friday July 15 2011 09:14 AM:--9A 10
Friday July 15 2011 09:14 AM:--9a1
Friday July 15 2011 09:14 AM:INSERT INTO SALESORD_HDR (ACCNO, ORDERDATE, DUEDATE, CUSTORDERNO,REFERENCE,SUBTOTAL,TAXTOTAL, X_WEBORD_ID ,ADDRESS1, ADDRESS2, ADDRESS3, ADDRESS4, ADDRESS5, ADDRESS6, SALESNO, NARRATIVE_SEQNO, ONHOLD) VALUES(0,'07/14/2011','07/14/2011','','',212.76,34.31,'ORD0000855','Paul Weakley','3 Hilton Way','Johnsonville','Wellington','NZ','6037',1,-1,'N')
Friday July 15 2011 09:14 AM:--9a2
Friday July 15 2011 09:14 AM:--9b
Friday July 15 2011 09:14 AM:--9c
Friday July 15 2011 09:14 AM:INSERT INTO SALESORD_LINES(HDR_SEQNO,ACCNO,STOCKCODE,DESCRIPTION,ORD_QUANT,UNITPRICE,TAXRATE,TAXRATE_NO,LINKED_STOCKCODE,LINKED_QTY,LINKEDSTATUS) VALUES(0,0,'130202','',1,6.99, 15.00,1,'130202',1,'S')
Friday July 15 2011 09:14 AM:--9d
Friday July 15 2011 09:14 AM:--9c
Friday July 15 2011 09:14 AM:INSERT INTO SALESORD_LINES(HDR_SEQNO,ACCNO,STOCKCODE,DESCRIPTION,ORD_QUANT,UNITPRICE,TAXRATE,TAXRATE_NO,LINKED_STOCKCODE,LINKED_QTY,LINKEDSTATUS) VALUES(0,0,'910635','',2,8.99, 15.00,1,'910635',1,'S')
Friday July 15 2011 09:14 AM:--9d
Friday July 15 2011 09:14 AM:--9c
Friday July 15 2011 09:14 AM:INSERT INTO SALESORD_LINES(HDR_SEQNO,ACCNO,STOCKCODE,DESCRIPTION,ORD_QUANT,UNITPRICE,TAXRATE,TAXRATE_NO,LINKED_STOCKCODE,LINKED_QTY,LINKEDSTATUS) VALUES(0,0,'130199','',1,19.99, 15.00,1,'130199',1,'S')
Friday July 15 2011 09:14 AM:--9d
Friday July 15 2011 09:14 AM:--9c
Friday July 15 2011 09:14 AM:INSERT INTO SALESORD_LINES(HDR_SEQNO,ACCNO,STOCKCODE,DESCRIPTION,ORD_QUANT,UNITPRICE,TAXRATE,TAXRATE_NO,LINKED_STOCKCODE,LINKED_QTY,LINKEDSTATUS) VALUES(0,0,'130269','',6,2.99, 15.00,1,'130269',1,'S')
Friday July 15 2011 09:14 AM:--9d
Friday July 15 2011 09:14 AM:--9c
Friday July 15 2011 09:14 AM:INSERT INTO SALESORD_LINES(HDR_SEQNO,ACCNO,STOCKCODE,DESCRIPTION,ORD_QUANT,UNITPRICE,TAXRATE,TAXRATE_NO,LINKED_STOCKCODE,LINKED_QTY,LINKEDSTATUS) VALUES(0,0,'910631','',6,2.99, 15.00,1,'910631',1,'S')
Friday July 15 2011 09:14 AM:--9d
Friday July 15 2011 09:14 AM:--9c
Friday July 15 2011 09:14 AM:INSERT INTO SALESORD_LINES(HDR_SEQNO,ACCNO,STOCKCODE,DESCRIPTION,ORD_QUANT,UNITPRICE,TAXRATE,TAXRATE_NO,LINKED_STOCKCODE,LINKED_QTY,LINKEDSTATUS) VALUES(0,0,'130383','',1,39.99, 15.00,1,'130383',1,'S')
Friday July 15 2011 09:14 AM:--9d
Friday July 15 2011 09:14 AM:--9c
Friday July 15 2011 09:14 AM:INSERT INTO SALESORD_LINES(HDR_SEQNO,ACCNO,STOCKCODE,DESCRIPTION,ORD_QUANT,UNITPRICE,TAXRATE,TAXRATE_NO,LINKED_STOCKCODE,LINKED_QTY,LINKEDSTATUS) VALUES(0,0,'130206','',1,19.99, 15.00,1,'130206',1,'S')
Friday July 15 2011 09:14 AM:--9d
Friday July 15 2011 09:14 AM:--9c
Friday July 15 2011 09:14 AM:INSERT INTO SALESORD_LINES(HDR_SEQNO,ACCNO,STOCKCODE,DESCRIPTION,ORD_QUANT,UNITPRICE,TAXRATE,TAXRATE_NO,LINKED_STOCKCODE,LINKED_QTY,LINKEDSTATUS) VALUES(0,0,'130189','',1,19.99, 15.00,1,'130189',1,'S')
Friday July 15 2011 09:14 AM:--9d
Friday July 15 2011 09:14 AM:--9c
Friday July 15 2011 09:14 AM:INSERT INTO SALESORD_LINES(HDR_SEQNO,ACCNO,STOCKCODE,DESCRIPTION,ORD_QUANT,UNITPRICE,TAXRATE,TAXRATE_NO,LINKED_STOCKCODE,LINKED_QTY,LINKEDSTATUS) VALUES(0,0,'910641','',4,7.99, 15.00,1,'910641',1,'S')
Friday July 15 2011 09:14 AM:--9d
Friday July 15 2011 09:14 AM:--9c
Friday July 15 2011 09:14 AM:INSERT INTO SALESORD_LINES(HDR_SEQNO,ACCNO,STOCKCODE,DESCRIPTION,ORD_QUANT,UNITPRICE,TAXRATE,TAXRATE_NO,LINKED_STOCKCODE,LINKED_QTY,LINKEDSTATUS) VALUES(0,0,'20490','',1,19.99, 15.00,1,'20490',1,'S')
Friday July 15 2011 09:14 AM:--9d
Friday July 15 2011 09:14 AM:INSERT INTO SALESORD_LINES(HDR_SEQNO,ACCNO,STOCKCODE,DESCRIPTION,ORD_QUANT,UNITPRICE,TAXRATE,TAXRATE_NO,LINKED_STOCKCODE,LINKED_QTY,LINKEDSTATUS) VALUES(0,0,'FR','Freight',1.0,16, 15.00,1,'FR',1,'L')
Friday July 15 2011 09:14 AM:Timer IS Enabled
Friday July 15 2011 09:14 AM:Process Completed
Friday July 15 2011 09:30 AM:===========================================================
Friday July 15 2011 09:30 AM:Get Reg Settings 1
Friday July 15 2011 09:30 AM:Debugging
Friday July 15 2011 09:30 AM:Export Folder:(C:\Projects\2007\Splash\WebService\)
Friday July 15 2011 09:30 AM:Get Reg Settings 3
Friday July 15 2011 09:30 AM:Interval = 60000
Friday July 15 2011 09:30 AM:Computer Profile=0
Friday July 15 2011 09:30 AM:Got Reg Settings
Friday July 15 2011 09:30 AM:Got SMTP Reg Settings
Friday July 15 2011 09:30 AM:Connection Succeeds
Friday July 15 2011 09:30 AM:LogSQL=True
Friday July 15 2011 09:30 AM:LogAll=True
Friday July 15 2011 09:30 AM:Starting Process
Friday July 15 2011 09:30 AM:Start Process
Friday July 15 2011 09:30 AM:********* Setting orders 854 855 as not integreated !!!!!!!!!
Friday July 15 2011 09:30 AM:--1
Friday July 15 2011 09:30 AM:--2
Friday July 15 2011 09:30 AM:--3
Friday July 15 2011 09:30 AM:--3a
Friday July 15 2011 09:30 AM:--3c
Friday July 15 2011 09:30 AM:--3d
Friday July 15 2011 09:30 AM:--3b
Friday July 15 2011 09:30 AM:--3e
Friday July 15 2011 09:30 AM:--4
Friday July 15 2011 09:30 AM:--5
Friday July 15 2011 09:30 AM:--6
Friday July 15 2011 09:30 AM:--7
Friday July 15 2011 09:30 AM:--7a
Friday July 15 2011 09:30 AM:--7b
Friday July 15 2011 09:30 AM:--7c
Friday July 15 2011 09:30 AM:--7d
Friday July 15 2011 09:30 AM:--8
Friday July 15 2011 09:30 AM:--9
Friday July 15 2011 09:30 AM:EXO: INSERT INTO SALESORD_HDR (ACCNO, ORDERDATE, DUEDATE, CUSTORDERNO,REFERENCE,SUBTOTAL,TAXTOTAL, X_WEBORD_ID ,ADDRESS1, ADDRESS2, ADDRESS3, ADDRESS4, ADDRESS5, ADDRESS6, SALESNO, NARRATIVE_SEQNO, ONHOLD) VALUES(0,'07/14/2011','07/14/2011','','',49.99,8.55,'ORD0000854','Stephanie Nicholson','85 Carlyle Street','','Napier','NZ','4110',1,-1,'N')
Friday July 15 2011 09:30 AM:--9b
Friday July 15 2011 09:30 AM:--9c
Friday July 15 2011 09:30 AM:EXO: INSERT INTO SALESORD_LINES(HDR_SEQNO,ACCNO,STOCKCODE,DESCRIPTION,ORD_QUANT,UNITPRICE,TAXRATE,TAXRATE_NO,LINKED_STOCKCODE,LINKED_QTY,LINKEDSTATUS) VALUES(10466,0,'130450','Cray Snare - Standard',1,49.99, 15.00,1,'130450',1,'S')
Friday July 15 2011 09:30 AM:EXO: INSERT INTO SALESORD_LINES(HDR_SEQNO,ACCNO,STOCKCODE,DESCRIPTION,ORD_QUANT,UNITPRICE,TAXRATE,TAXRATE_NO,LINKED_STOCKCODE,LINKED_QTY,LINKEDSTATUS) VALUES(10466,0,'FR','Freight',1.0,7, 15.00,1,'FR',1,'L')
Friday July 15 2011 09:30 AM:--1
Friday July 15 2011 09:30 AM:--2
Friday July 15 2011 09:30 AM:--3
Friday July 15 2011 09:30 AM:--3a
Friday July 15 2011 09:30 AM:--3c
Friday July 15 2011 09:30 AM:--3d
Friday July 15 2011 09:30 AM:--3b
Friday July 15 2011 09:30 AM:--3e
Friday July 15 2011 09:30 AM:--3
Friday July 15 2011 09:30 AM:--3a
Friday July 15 2011 09:30 AM:--3c
Friday July 15 2011 09:30 AM:--3d
Friday July 15 2011 09:30 AM:--3b
Friday July 15 2011 09:30 AM:--3e
Friday July 15 2011 09:30 AM:--3
Friday July 15 2011 09:30 AM:--3a
Friday July 15 2011 09:30 AM:--3c
Friday July 15 2011 09:30 AM:--3d
Friday July 15 2011 09:30 AM:--3b
Friday July 15 2011 09:30 AM:--3e
Friday July 15 2011 09:30 AM:--3
Friday July 15 2011 09:30 AM:--3a
Friday July 15 2011 09:30 AM:--3c
Friday July 15 2011 09:30 AM:--3d
Friday July 15 2011 09:30 AM:--3b
Friday July 15 2011 09:30 AM:--3e
Friday July 15 2011 09:30 AM:--3
Friday July 15 2011 09:30 AM:--3a
Friday July 15 2011 09:30 AM:--3c
Friday July 15 2011 09:30 AM:--3d
Friday July 15 2011 09:30 AM:--3b
Friday July 15 2011 09:30 AM:--3e
Friday July 15 2011 09:30 AM:--3
Friday July 15 2011 09:30 AM:--3a
Friday July 15 2011 09:30 AM:--3c
Friday July 15 2011 09:30 AM:--3d
Friday July 15 2011 09:30 AM:--3b
Friday July 15 2011 09:30 AM:--3e
Friday July 15 2011 09:30 AM:--3
Friday July 15 2011 09:30 AM:--3a
Friday July 15 2011 09:30 AM:--3c
Friday July 15 2011 09:30 AM:--3d
Friday July 15 2011 09:30 AM:--3b
Friday July 15 2011 09:30 AM:--3e
Friday July 15 2011 09:30 AM:--3
Friday July 15 2011 09:30 AM:--3a
Friday July 15 2011 09:30 AM:--3c
Friday July 15 2011 09:30 AM:--3d
Friday July 15 2011 09:30 AM:--3b
Friday July 15 2011 09:30 AM:--3e
Friday July 15 2011 09:30 AM:--3
Friday July 15 2011 09:30 AM:--3a
Friday July 15 2011 09:30 AM:--3c
Friday July 15 2011 09:30 AM:--3d
Friday July 15 2011 09:30 AM:--3b
Friday July 15 2011 09:30 AM:--3e
Friday July 15 2011 09:30 AM:--3
Friday July 15 2011 09:30 AM:--3a
Friday July 15 2011 09:30 AM:--3c
Friday July 15 2011 09:30 AM:--3d
Friday July 15 2011 09:30 AM:--3b
Friday July 15 2011 09:30 AM:--3e
Friday July 15 2011 09:30 AM:--4
Friday July 15 2011 09:30 AM:--5
Friday July 15 2011 09:30 AM:--6
Friday July 15 2011 09:30 AM:--7
Friday July 15 2011 09:30 AM:--7a
Friday July 15 2011 09:30 AM:--7b
Friday July 15 2011 09:30 AM:--7c
Friday July 15 2011 09:30 AM:--7d
Friday July 15 2011 09:30 AM:--8
Friday July 15 2011 09:30 AM:--9
Friday July 15 2011 09:30 AM:EXO: INSERT INTO SALESORD_HDR (ACCNO, ORDERDATE, DUEDATE, CUSTORDERNO,REFERENCE,SUBTOTAL,TAXTOTAL, X_WEBORD_ID ,ADDRESS1, ADDRESS2, ADDRESS3, ADDRESS4, ADDRESS5, ADDRESS6, SALESNO, NARRATIVE_SEQNO, ONHOLD) VALUES(0,'07/14/2011','07/14/2011','','',212.76,34.31,'ORD0000855','Paul Weakley','3 Hilton Way','Johnsonville','Wellington','NZ','6037',1,-1,'N')
Friday July 15 2011 09:30 AM:--9b
Friday July 15 2011 09:30 AM:--9c
Friday July 15 2011 09:30 AM:EXO: INSERT INTO SALESORD_LINES(HDR_SEQNO,ACCNO,STOCKCODE,DESCRIPTION,ORD_QUANT,UNITPRICE,TAXRATE,TAXRATE_NO,LINKED_STOCKCODE,LINKED_QTY,LINKEDSTATUS) VALUES(10467,0,'130202','DIVE SLATES',1,6.99, 15.00,1,'130202',1,'S')
Friday July 15 2011 09:30 AM:--9c
Friday July 15 2011 09:30 AM:EXO: INSERT INTO SALESORD_LINES(HDR_SEQNO,ACCNO,STOCKCODE,DESCRIPTION,ORD_QUANT,UNITPRICE,TAXRATE,TAXRATE_NO,LINKED_STOCKCODE,LINKED_QTY,LINKEDSTATUS) VALUES(10467,0,'910635','SNAP BOLT DOUBLE',2,8.99, 15.00,1,'910635',1,'S')
Friday July 15 2011 09:30 AM:--9c
Friday July 15 2011 09:30 AM:EXO: INSERT INTO SALESORD_LINES(HDR_SEQNO,ACCNO,STOCKCODE,DESCRIPTION,ORD_QUANT,UNITPRICE,TAXRATE,TAXRATE_NO,LINKED_STOCKCODE,LINKED_QTY,LINKEDSTATUS) VALUES(10467,0,'130199','AIR GUNS',1,19.99, 15.00,1,'130199',1,'S')
Friday July 15 2011 09:30 AM:--9c
Friday July 15 2011 09:30 AM:EXO: INSERT INTO SALESORD_LINES(HDR_SEQNO,ACCNO,STOCKCODE,DESCRIPTION,ORD_QUANT,UNITPRICE,TAXRATE,TAXRATE_NO,LINKED_STOCKCODE,LINKED_QTY,LINKEDSTATUS) VALUES(10467,0,'130269','ERGO HOSE HOLDER',6,2.99, 15.00,1,'130269',1,'S')
Friday July 15 2011 09:30 AM:--9c
Friday July 15 2011 09:30 AM:EXO: INSERT INTO SALESORD_LINES(HDR_SEQNO,ACCNO,STOCKCODE,DESCRIPTION,ORD_QUANT,UNITPRICE,TAXRATE,TAXRATE_NO,LINKED_STOCKCODE,LINKED_QTY,LINKEDSTATUS) VALUES(10467,0,'910631','',6,2.99, 15.00,1,'910631',1,'S')
Friday July 15 2011 09:30 AM:--9c
Friday July 15 2011 09:30 AM:EXO: INSERT INTO SALESORD_LINES(HDR_SEQNO,ACCNO,STOCKCODE,DESCRIPTION,ORD_QUANT,UNITPRICE,TAXRATE,TAXRATE_NO,LINKED_STOCKCODE,LINKED_QTY,LINKEDSTATUS) VALUES(10467,0,'130383','Atlantis Spring Straps - Medium',1,39.99, 15.00,1,'130383',1,'S')
Friday July 15 2011 09:30 AM:--9c
Friday July 15 2011 09:30 AM:EXO: INSERT INTO SALESORD_LINES(HDR_SEQNO,ACCNO,STOCKCODE,DESCRIPTION,ORD_QUANT,UNITPRICE,TAXRATE,TAXRATE_NO,LINKED_STOCKCODE,LINKED_QTY,LINKEDSTATUS) VALUES(10467,0,'130206','DIVE RITE NOTE BOOK',1,19.99, 15.00,1,'130206',1,'S')
Friday July 15 2011 09:30 AM:--9c
Friday July 15 2011 09:30 AM:EXO: INSERT INTO SALESORD_LINES(HDR_SEQNO,ACCNO,STOCKCODE,DESCRIPTION,ORD_QUANT,UNITPRICE,TAXRATE,TAXRATE_NO,LINKED_STOCKCODE,LINKED_QTY,LINKEDSTATUS) VALUES(10467,0,'130189','ATLANTIS TANK RATTLE',1,19.99, 15.00,1,'130189',1,'S')
Friday July 15 2011 09:30 AM:--9c
Friday July 15 2011 09:30 AM:EXO: INSERT INTO SALESORD_LINES(HDR_SEQNO,ACCNO,STOCKCODE,DESCRIPTION,ORD_QUANT,UNITPRICE,TAXRATE,TAXRATE_NO,LINKED_STOCKCODE,LINKED_QTY,LINKEDSTATUS) VALUES(10467,0,'910641','Snap Bolt with swivel - medium (90mm)',4,7.99, 15.00,1,'910641',1,'S')
Friday July 15 2011 09:30 AM:--9c
Friday July 15 2011 09:30 AM:EXO: INSERT INTO SALESORD_LINES(HDR_SEQNO,ACCNO,STOCKCODE,DESCRIPTION,ORD_QUANT,UNITPRICE,TAXRATE,TAXRATE_NO,LINKED_STOCKCODE,LINKED_QTY,LINKEDSTATUS) VALUES(10467,0,'20490','PONY BOTTLE GAUGE',1,19.99, 15.00,1,'20490',1,'S')
Friday July 15 2011 09:30 AM:EXO: INSERT INTO SALESORD_LINES(HDR_SEQNO,ACCNO,STOCKCODE,DESCRIPTION,ORD_QUANT,UNITPRICE,TAXRATE,TAXRATE_NO,LINKED_STOCKCODE,LINKED_QTY,LINKEDSTATUS) VALUES(10467,0,'FR','Freight',1.0,16, 15.00,1,'FR',1,'L')
Friday July 15 2011 09:30 AM:Timer IS Enabled
Friday July 15 2011 09:30 AM:Process Completed
Friday July 15 2011 09:31 AM:Timer NOT Enabled
Friday July 15 2011 09:31 AM:===========================================================
Friday July 15 2011 09:31 AM:Get Reg Settings 1
Friday July 15 2011 09:31 AM:Debugging
Friday July 15 2011 09:31 AM:Export Folder:(C:\Projects\2007\Splash\WebService\)
Friday July 15 2011 09:31 AM:Get Reg Settings 3
Friday July 15 2011 09:31 AM:Interval = 60000
Friday July 15 2011 09:31 AM:Computer Profile=0
Friday July 15 2011 09:31 AM:Got Reg Settings
Friday July 15 2011 09:31 AM:Got SMTP Reg Settings
Friday July 15 2011 09:31 AM:Connection Succeeds
Friday July 15 2011 09:31 AM:LogSQL=True
Friday July 15 2011 09:31 AM:LogAll=True
Friday July 15 2011 09:31 AM:Starting Process
Friday July 15 2011 09:31 AM:Start Process
Friday July 15 2011 09:31 AM:********* Setting orders 854 855 as not integreated !!!!!!!!!
Friday July 15 2011 09:31 AM:--1
Friday July 15 2011 09:31 AM:--2
Friday July 15 2011 09:31 AM:--3
Friday July 15 2011 09:31 AM:--3a
Friday July 15 2011 09:31 AM:--3c
Friday July 15 2011 09:31 AM:--3d
Friday July 15 2011 09:31 AM:--3b
Friday July 15 2011 09:31 AM:--3e
Friday July 15 2011 09:31 AM:--4
Friday July 15 2011 09:31 AM:--5
Friday July 15 2011 09:31 AM:--6
Friday July 15 2011 09:31 AM:--7
Friday July 15 2011 09:31 AM:--7a
Friday July 15 2011 09:31 AM:--7b
Friday July 15 2011 09:31 AM:--7c
Friday July 15 2011 09:31 AM:--7d
Friday July 15 2011 09:31 AM:--8
Friday July 15 2011 09:31 AM:--9
Friday July 15 2011 09:31 AM:EXO: INSERT INTO SALESORD_HDR (ACCNO, ORDERDATE, DUEDATE, CUSTORDERNO,REFERENCE,SUBTOTAL,TAXTOTAL, X_WEBORD_ID ,ADDRESS1, ADDRESS2, ADDRESS3, ADDRESS4, ADDRESS5, ADDRESS6, SALESNO, NARRATIVE_SEQNO, ONHOLD) VALUES(0,'07/14/2011','07/14/2011','','',49.99,8.55,'ORD0000854','Stephanie Nicholson','85 Carlyle Street','','Napier','NZ','4110',1,-1,'N')
Friday July 15 2011 09:31 AM:--9b
Friday July 15 2011 09:31 AM:--9c
Friday July 15 2011 09:31 AM:EXO: INSERT INTO SALESORD_LINES(HDR_SEQNO,ACCNO,STOCKCODE,DESCRIPTION,ORD_QUANT,UNITPRICE,TAXRATE,TAXRATE_NO,LINKED_STOCKCODE,LINKED_QTY,LINKEDSTATUS) VALUES(10468,0,'130450','Cray Snare - Standard',1,49.99, 15.00,1,'130450',1,'S')
Friday July 15 2011 09:31 AM:EXO: INSERT INTO SALESORD_LINES(HDR_SEQNO,ACCNO,STOCKCODE,DESCRIPTION,ORD_QUANT,UNITPRICE,TAXRATE,TAXRATE_NO,LINKED_STOCKCODE,LINKED_QTY,LINKEDSTATUS) VALUES(10468,0,'FR','Freight',1.0,7, 15.00,1,'FR',1,'L')
Friday July 15 2011 09:31 AM:--1
Friday July 15 2011 09:31 AM:--2
Friday July 15 2011 09:31 AM:--3
Friday July 15 2011 09:31 AM:--3a
Friday July 15 2011 09:31 AM:--3c
Friday July 15 2011 09:31 AM:--3d
Friday July 15 2011 09:31 AM:--3b
Friday July 15 2011 09:31 AM:--3e
Friday July 15 2011 09:31 AM:--3
Friday July 15 2011 09:31 AM:--3a
Friday July 15 2011 09:31 AM:--3c
Friday July 15 2011 09:31 AM:--3d
Friday July 15 2011 09:31 AM:--3b
Friday July 15 2011 09:31 AM:--3e
Friday July 15 2011 09:31 AM:--3
Friday July 15 2011 09:31 AM:--3a
Friday July 15 2011 09:31 AM:--3c
Friday July 15 2011 09:31 AM:--3d
Friday July 15 2011 09:31 AM:--3b
Friday July 15 2011 09:31 AM:--3e
Friday July 15 2011 09:31 AM:--3
Friday July 15 2011 09:31 AM:--3a
Friday July 15 2011 09:31 AM:--3c
Friday July 15 2011 09:31 AM:--3d
Friday July 15 2011 09:31 AM:--3b
Friday July 15 2011 09:31 AM:--3e
Friday July 15 2011 09:31 AM:--3
Friday July 15 2011 09:31 AM:--3a
Friday July 15 2011 09:31 AM:--3c
Friday July 15 2011 09:31 AM:--3d
Friday July 15 2011 09:31 AM:--3b
Friday July 15 2011 09:31 AM:--3e
Friday July 15 2011 09:31 AM:--3
Friday July 15 2011 09:31 AM:--3a
Friday July 15 2011 09:31 AM:--3c
Friday July 15 2011 09:31 AM:--3d
Friday July 15 2011 09:31 AM:--3b
Friday July 15 2011 09:31 AM:--3e
Friday July 15 2011 09:31 AM:--3
Friday July 15 2011 09:31 AM:--3a
Friday July 15 2011 09:31 AM:--3c
Friday July 15 2011 09:31 AM:--3d
Friday July 15 2011 09:31 AM:--3b
Friday July 15 2011 09:31 AM:--3e
Friday July 15 2011 09:31 AM:--3
Friday July 15 2011 09:31 AM:--3a
Friday July 15 2011 09:31 AM:--3c
Friday July 15 2011 09:31 AM:--3d
Friday July 15 2011 09:31 AM:--3b
Friday July 15 2011 09:31 AM:--3e
Friday July 15 2011 09:31 AM:--3
Friday July 15 2011 09:31 AM:--3a
Friday July 15 2011 09:31 AM:--3c
Friday July 15 2011 09:31 AM:--3d
Friday July 15 2011 09:31 AM:--3b
Friday July 15 2011 09:31 AM:--3e
Friday July 15 2011 09:31 AM:--3
Friday July 15 2011 09:31 AM:--3a
Friday July 15 2011 09:31 AM:--3c
Friday July 15 2011 09:31 AM:--3d
Friday July 15 2011 09:31 AM:--3b
Friday July 15 2011 09:31 AM:--3e
Friday July 15 2011 09:31 AM:--4
Friday July 15 2011 09:31 AM:--5
Friday July 15 2011 09:31 AM:--6
Friday July 15 2011 09:31 AM:--7
Friday July 15 2011 09:31 AM:--7a
Friday July 15 2011 09:31 AM:--7b
Friday July 15 2011 09:31 AM:--7c
Friday July 15 2011 09:31 AM:--7d
Friday July 15 2011 09:31 AM:--8
Friday July 15 2011 09:31 AM:--9
Friday July 15 2011 09:31 AM:EXO: INSERT INTO SALESORD_HDR (ACCNO, ORDERDATE, DUEDATE, CUSTORDERNO,REFERENCE,SUBTOTAL,TAXTOTAL, X_WEBORD_ID ,ADDRESS1, ADDRESS2, ADDRESS3, ADDRESS4, ADDRESS5, ADDRESS6, SALESNO, NARRATIVE_SEQNO, ONHOLD) VALUES(0,'07/14/2011','07/14/2011','','',212.76,34.31,'ORD0000855','Paul Weakley','3 Hilton Way','Johnsonville','Wellington','NZ','6037',1,-1,'N')
Friday July 15 2011 09:31 AM:--9b
Friday July 15 2011 09:31 AM:--9c
Friday July 15 2011 09:31 AM:EXO: INSERT INTO SALESORD_LINES(HDR_SEQNO,ACCNO,STOCKCODE,DESCRIPTION,ORD_QUANT,UNITPRICE,TAXRATE,TAXRATE_NO,LINKED_STOCKCODE,LINKED_QTY,LINKEDSTATUS) VALUES(10469,0,'130202','DIVE SLATES',1,6.99, 15.00,1,'130202',1,'S')
Friday July 15 2011 09:31 AM:--9c
Friday July 15 2011 09:31 AM:EXO: INSERT INTO SALESORD_LINES(HDR_SEQNO,ACCNO,STOCKCODE,DESCRIPTION,ORD_QUANT,UNITPRICE,TAXRATE,TAXRATE_NO,LINKED_STOCKCODE,LINKED_QTY,LINKEDSTATUS) VALUES(10469,0,'910635','SNAP BOLT DOUBLE',2,8.99, 15.00,1,'910635',1,'S')
Friday July 15 2011 09:31 AM:--9c
Friday July 15 2011 09:31 AM:EXO: INSERT INTO SALESORD_LINES(HDR_SEQNO,ACCNO,STOCKCODE,DESCRIPTION,ORD_QUANT,UNITPRICE,TAXRATE,TAXRATE_NO,LINKED_STOCKCODE,LINKED_QTY,LINKEDSTATUS) VALUES(10469,0,'130199','AIR GUNS',1,19.99, 15.00,1,'130199',1,'S')
Friday July 15 2011 09:31 AM:--9c
Friday July 15 2011 09:31 AM:EXO: INSERT INTO SALESORD_LINES(HDR_SEQNO,ACCNO,STOCKCODE,DESCRIPTION,ORD_QUANT,UNITPRICE,TAXRATE,TAXRATE_NO,LINKED_STOCKCODE,LINKED_QTY,LINKEDSTATUS) VALUES(10469,0,'130269','ERGO HOSE HOLDER',6,2.99, 15.00,1,'130269',1,'S')
Friday July 15 2011 09:31 AM:--9c
Friday July 15 2011 09:31 AM:EXO: INSERT INTO SALESORD_LINES(HDR_SEQNO,ACCNO,STOCKCODE,DESCRIPTION,ORD_QUANT,UNITPRICE,TAXRATE,TAXRATE_NO,LINKED_STOCKCODE,LINKED_QTY,LINKEDSTATUS) VALUES(10469,0,'910631','',6,2.99, 15.00,1,'910631',1,'S')
Friday July 15 2011 09:31 AM:--9c
Friday July 15 2011 09:31 AM:EXO: INSERT INTO SALESORD_LINES(HDR_SEQNO,ACCNO,STOCKCODE,DESCRIPTION,ORD_QUANT,UNITPRICE,TAXRATE,TAXRATE_NO,LINKED_STOCKCODE,LINKED_QTY,LINKEDSTATUS) VALUES(10469,0,'130383','Atlantis Spring Straps - Medium',1,39.99, 15.00,1,'130383',1,'S')
Friday July 15 2011 09:31 AM:--9c
Friday July 15 2011 09:31 AM:EXO: INSERT INTO SALESORD_LINES(HDR_SEQNO,ACCNO,STOCKCODE,DESCRIPTION,ORD_QUANT,UNITPRICE,TAXRATE,TAXRATE_NO,LINKED_STOCKCODE,LINKED_QTY,LINKEDSTATUS) VALUES(10469,0,'130206','DIVE RITE NOTE BOOK',1,19.99, 15.00,1,'130206',1,'S')
Friday July 15 2011 09:31 AM:--9c
Friday July 15 2011 09:31 AM:EXO: INSERT INTO SALESORD_LINES(HDR_SEQNO,ACCNO,STOCKCODE,DESCRIPTION,ORD_QUANT,UNITPRICE,TAXRATE,TAXRATE_NO,LINKED_STOCKCODE,LINKED_QTY,LINKEDSTATUS) VALUES(10469,0,'130189','ATLANTIS TANK RATTLE',1,19.99, 15.00,1,'130189',1,'S')
Friday July 15 2011 09:31 AM:--9c
Friday July 15 2011 09:31 AM:EXO: INSERT INTO SALESORD_LINES(HDR_SEQNO,ACCNO,STOCKCODE,DESCRIPTION,ORD_QUANT,UNITPRICE,TAXRATE,TAXRATE_NO,LINKED_STOCKCODE,LINKED_QTY,LINKEDSTATUS) VALUES(10469,0,'910641','Snap Bolt with swivel - medium (90mm)',4,7.99, 15.00,1,'910641',1,'S')
Friday July 15 2011 09:31 AM:--9c
Friday July 15 2011 09:31 AM:EXO: INSERT INTO SALESORD_LINES(HDR_SEQNO,ACCNO,STOCKCODE,DESCRIPTION,ORD_QUANT,UNITPRICE,TAXRATE,TAXRATE_NO,LINKED_STOCKCODE,LINKED_QTY,LINKEDSTATUS) VALUES(10469,0,'20490','PONY BOTTLE GAUGE',1,19.99, 15.00,1,'20490',1,'S')
Friday July 15 2011 09:31 AM:EXO: INSERT INTO SALESORD_LINES(HDR_SEQNO,ACCNO,STOCKCODE,DESCRIPTION,ORD_QUANT,UNITPRICE,TAXRATE,TAXRATE_NO,LINKED_STOCKCODE,LINKED_QTY,LINKEDSTATUS) VALUES(10469,0,'FR','Freight',1.0,16, 15.00,1,'FR',1,'L')
Friday July 15 2011 09:31 AM:Timer IS Enabled
Friday July 15 2011 09:31 AM:Process Completed
