Wednesday March 30 2011 02:37 PM:Timer NOT Enabled
Wednesday March 30 2011 02:44 PM:Timer NOT Enabled
Wednesday March 30 2011 02:50 PM:Timer NOT Enabled
Wednesday March 30 2011 02:55 PM:Timer NOT Enabled
Wednesday March 30 2011 03:01 PM:Timer NOT Enabled
Wednesday March 30 2011 03:03 PM:Timer NOT Enabled
Wednesday March 30 2011 03:20 PM:Timer NOT Enabled
Monday July 11 2011 03:33 PM:Timer NOT Enabled
Monday July 11 2011 04:55 PM:Timer NOT Enabled
Monday July 11 2011 05:00 PM:Timer NOT Enabled
Monday July 11 2011 05:03 PM:Timer NOT Enabled
Monday July 11 2011 05:06 PM:Timer NOT Enabled
Tuesday July 12 2011 01:24 PM:Timer NOT Enabled
Tuesday July 12 2011 01:26 PM:Timer NOT Enabled
Tuesday July 12 2011 02:05 PM:Timer NOT Enabled
Tuesday July 12 2011 02:10 PM:Timer NOT Enabled
Tuesday July 12 2011 02:33 PM:Timer NOT Enabled
Thursday July 14 2011 05:17 PM:Timer NOT Enabled
Thursday July 14 2011 05:19 PM:Timer NOT Enabled
Thursday July 14 2011 05:21 PM:Timer NOT Enabled
Thursday July 14 2011 05:28 PM:Timer NOT Enabled
Thursday July 14 2011 05:29 PM:Timer NOT Enabled
Thursday July 14 2011 05:30 PM:Timer NOT Enabled
Thursday July 14 2011 05:31 PM:Timer NOT Enabled
Thursday July 14 2011 05:34 PM:Timer NOT Enabled
Friday July 15 2011 08:40 AM:Timer NOT Enabled
Friday July 15 2011 08:44 AM:Timer NOT Enabled
Friday July 15 2011 08:48 AM:Timer NOT Enabled
Friday July 15 2011 08:57 AM:Timer NOT Enabled
Friday July 15 2011 09:14 AM:Timer NOT Enabled
Friday July 15 2011 09:30 AM:Timer NOT Enabled
Friday July 15 2011 09:50 AM:Timer NOT Enabled
Friday July 15 2011 09:54 AM:Timer NOT Enabled
